[    00000] nitiling cgoup ubs puset
[    0.000000] Initializing cgroup subsys cpu
[    0.000000] Initializing cgroup subsys cpuacct
[    0.000000] Linux version 4.4.0-124-generic (buildd@lcy01-amd64-028) (gcc version 5.4.0 20160609 (Ubuntu 5.4.0-6ubuntu1~16.04.9) ) #148-Ubuntu SMP Wed May 2 13:00:18 UTC 2018 (Ubuntu 4.4.0-124.148-generic 4.4.117)
[    0.000000] Command line: BOOT_IMAGE=/boot/vmlinuz-4.4.0-124-generic root=UUID=bea33180-a744-4cee-b43c-aeafcc326227 ro console=tty1 console=ttyS0
[    0.000000] KERNEL supported cpus:
[    0.000000]   Intel GenuineIntel
   000000]   AMD AuthenticAMD
[    0.000000]   Centaur CentaurHauls
[    0.000000] x86/fpu: xstate_offset[2]:  576, xstate_sizes[2]:  256
[    0.000000] x86/fpu: Supporting XSAVE feature 0x01: 'x87 floating point registers'
[    0.000000] x86/fpu: Supporting XSAVE feature 0x02: 'SSE registers'
[    0.000000] x86/fpu: Supporting XSAVE feature 0x04: 'AVX registers'
[    0.000000] x86/fpu: Enabled xstate features 0x7, context size is 832 bytes, using 'standard' format.
[    0.000000] x86/fpu: Using 'lazy' FPU context switches.
[    0.000000] e820: BIOS-provided physical RAM map:
[    0.000000] BIOS-e820: [mem 0x0000000000000000-0x000000000009fbff] usable
[    0.000000] BIOS-e820: [mem 0x000000000009fc00-0x000000000009ffff] reserved
[    0.000000] BIOS-e820: [mem 0x00000000000f0000-0x00000000000fffff] reserved
[    0.000000] BIOS-e820: [mem 0x0000000000100000-0x000000003ffeffff] usable
[    0.000000] BIOS-e820: [mem 0x000000003fff0000-0x000000003fffffff] ACPI data
[    0.000000] BIOS-e820: [mem 0x00000000fec00000-0x00000000fec00fff] reserved
[    0.000000] BIOS-e820: [mem 0x00000000fee00000-0x00000000fee00fff] reserved
[    0.000000] BIOS-e820: [mem 0x00000000fffc0000-0x00000000ffffffff] reserved
[    0.000000] NX (Execute Disable) protection: active
[    0.000000] SMBIOS 2.5 present.
[    0.000000] Hypervisor detected: KVM
[    0.000000] e820: last_pfn = 0x3fff m_arch_fn= 4000000
[    0.000000] MTRR: Disabled
[    0.000000] x86/PAT: MTRRs disabled, skipping PAT initialization too.
[    0.000000] CPU MTRRs all blank - virtualized system.
[    0.00000]x8PA: Cofiuraton[07]WB WT  U-   B  W  C-C  [  0.000] oundSM Mtable at [mem 0x0009fff0-0x0009ffff] mapped at [ffff880009ff0
[   0.0000] Scanning 1 aeas for low memorycoupion[  0.000000] RAMDISK: [me 061000-037ffff]
[  000000] ACPI: Early table checksum verification disabled
[    0.000000] ACPI: RSDP 0x00000000000E0000 000024 (v02 VBOX  )
[    0.000000] ACPI: XDT0x00000003FFF0030 00003C (v01 VBOX   VBOXXSDT 00000001 ASL  00000061)
[    0.000000] ACPI: FACP 0x000000003FFF00F0 0000F4 (v04 VBOX   VBOXFACP 00000001 ASL  00000061)
[    0.000000] ACPI: DSDT 0x000000003FFF0470 0021FF (v02 VBOX   VBOXBIOS 00000002 INTL 20100528)
[    0.000000] ACPI: FACS 0x000000003FFF0200 000040
[    0.000000] ACPI: FACS 0x000000003FFF0200 000040
[    0.000000] ACPI: APIC 0x000000003FFF0240 00005C (v02 VBOX   VBOXAPIC 00000001 ASL  00000061)
[    0.000000] ACPI: SSDT 0x000000003FFF02A0 0001CC (v01 VBOX   VBOXCPUT 00000002 INTL 20100528)
[    0.000000] No NUMA configuration found
[    0.000000] Faking a node at [mem x00000000000000000-0x000000003ffeffff]
[    0.000000] NODE_DATA(0) allocated [mem 0x3ffeb000-0x3ffeffff]
[    0.000000] kvm-clock: Using msrs 4b564d01 and 4b564d00
[    0.000000] kvmclck: cpu 0, msr 0:3ffe3001, primary cpu clock
[    0.000000] kvm-clock: using sched offset of 3426507630 cycles
[    0.000000] clocksource: kvm-clock: mask: 0xffffffffffffffff max_cycles: 0x1cd42e4dffb, max_idle_ns: 881590591483 ns
[    0.000000] Zone ranges:
[    0.000000]   DMA      [mem 0x0000000000001000-0x0000000000ffffff]
[    .00000  MA2    [mem 0x0000000001000000-0x000000003ffeffff]
[    0.000000]   Normal   empty
[    0.000000]   Device   empty
[    0.0000] vable zone start for each node
[    0.000000] Early memory node ranges
[    0.000000]   node   0: [mem 0x0000000000001000-0x000000000009efff]
[    0.000000]   node   0: [mem 0x0000000000100000-0x000000003ffeffff]
[    0.000000] Initmeseup nod 0 [emx00000000001000-0x000000003ffeffff]
[    0.000000] ACPI: PM-Timer IO Port: 0x4008
[    0.000000] IOAPIC[0]: apic_id 2, version 32, address 0xfc00000, GSI 0-23
[    0.000000] ACPI: INT_SRC_OVR (bus 0 bus_irq 0 global_irq 2 dfl dfl)
[    0.000000] ACPI: NTSRC_VRbu 0 bs_irq 9 global_irq 9 low level)
[    0.000000] Using ACPI (MADT) for SMP configuration information
[    0.000000] smpboot: Allowing 2 CPUs, 0 hotplug CPUs
[    0.000000] PM: Registered nosave memory: [mem 0x00000000-0x00000fff]
[    0.000000] PM: Registered nosave memory: [mem 0x0009f000-0x0009ffff]
[    0.000000] PM: Registered nosave memory: [mem 0x000a0000-0x000effff]
[    0.000000] PM: Registered nosave memory: [mem 0x000f0000-0x000fffff]
[    0.000000] e820: [mem 0x40000000-0xfebfffff] available for PCI devices
[    0.000000] Booting paravirtualized kernel on KVM
[    0.000000] clocksource: refined-jiffies: mask: 0xffffffff max_cycles: 0xffffffff, max_idle_ns: 7645519600211568 ns
[    0.000000] setup_percpu: NR_CPUS:512 nr_cpumask_bits:512 nr_cpu_ids:2 nr_node_ids:1
[    0.000000] PERCPU: Embedded 34 pages/cpu @ffff88003fc00000 s99544 r8192 d31528 u1048576
[    0.000000] PV qspinlock hash table entries: 256 (order: 0, 4096 bytes)
[    0.000000] Built 1 zonelists in Node order, mobility grouping on.  Total pages: 257912
[    0.000000] Policy zone: DMA32
[    0.000000] Kernel command line: BOOT_IMAGE=/boot/vmlinuz-4.4.0-124-generic root=UUID=bea33180-a744-4cee-b43c-aeafcc326227 ro console=tty1 console=ttyS0
[    0.000000] PID hash table entries: 4096 (order: 3, 32768 bytes)
[    0.000000] Memory: 997164K/1048120K available (8532K kernel code, 1313K rwdata, 3996K rodata 108K int,31K bss 556 resrv, K cma-reseve
    .0000]SLUB: HWalign=64, Order=0-3, MinObjects=0, CPUs=2, Nodes=1
[    0.000000] Kernel/User page tables isolation: enabled
[    0.000000] Hierarchical RCU implementation.
[    0.000000] 	Build-time adjustment of leaf fanout to64
   0.0000] 	RCU restricting CPUs from NR_CPUS=512 to nr_cpu_ids=2.
[    0.000000] RCU: Adjusting geometry for rcu_fanout_leaf=64, nr_cpu_ids=2
[    0.000000] NR_IRQS:33024 nr_rqs:440 16
[    0.000000] Console: colour VGA+ 80x25
[    0.000000] console [tty1] enabled
[    0.000000] console [ttyS0] enabled
[    0.000000] tsc: Detected 2494.238 MHz processor
[    2.171616] Calibrating delay loop (skipped) preset value.. 4988.47 BogoMIPS (lpj=9976952)
[    2.173030] pid_max: default: 32768 minimum: 301
[    2.173803] ACPI: Core revision 20150930
[    2.175398] ACPI: 2 ACPI AML tables successfully acquired and loaded
[    2.176493] Security Framework initialized
[    2.177194] Yama: becoming mindful.
[    2.177841] AppArmor: AppArmor initialized
[    2.178637] Dentry cache hash table entries: 131072 (order: 8, 1048576 bytes)
[    2.180601] Inode-cache hash table entries: 65536 (order: 7, 524288 bytes)
[    2.188226] Mount-cache hash table entries: 2048 (order: 2, 16384 bytes)
[    2.189245] Mountpoint-cache hash table entries: 2048 (order: 2, 16384 bytes)
[    2.251243] Initializing cgroup subsys io
[    2.251969] Initializing cgroup subsys memory
[    2.252719] Initializing cgroup subsys devices
[    2.253463] Initializing cgroup subsys freezer
[    2.254212] Initializing cgroup subsys net_cls
[    2.255001] Initializing cgroup subsys perf_event
[    2.255781] Initializing cgroup subsys net_prio
[    2.256540] Initializing cgroup subsys hugetlb
[    2.257280] Initializing cgroup subsys pids
[    2.258068] CPU: Physical Processor ID: 0
[    2.258786] CPU: Processor Core ID: 0
[    2.259457] FEATURE SPEC_CTRL Not Present
[    2.260964] mce: CPU supports 0 MCE banks
[    2.261685] Last level iTLB entries: 4KB 1024, 2MB 1024, 4MB 1024
[    2.262644] Last level dTLB entries: 4KB 1024, 2MB 1024, 4MB 1024, 1GB 4
[    2.269043] Spectre V2 mitigation: Mitigation: Full generic retpoline
[    2.270018] Spectre V2 mitigation: Speculation control IBPB not-supported IBRS not-supported
[    2.273072] Freeing SMP alternatives memory: 32K
[    2.281680] ftrace: allocating 32202 entries in 126 pages
[    2.341520] smpboot: APIC(0) Converting physical 0 to logical package 0
[    2.352603] smpboot: Max logical packages: 1
[    2.353726] x2apic enabled
[    2.354583] Switched APIC routing to physical x2apic.
[    2.357024] ..TIMER: vector=0x30 apic1=0 pin1=2 apic2=-1 pin2=-1
[    2.466774] smpboot: CPU0: Intel(R) Core(TM) i5-4200M CPU @ 2.50GHz (family: 0x6, model: 0x3c, stepping: 0x3)
[    2.472345] Performance Events: unsupported p6 CPU model 60 no PMU driver, software events only.
[    2.507450] KVM setup paravirtual spinlock
[    2.508854] x86: Booting SMP configuration:
[    2.509576] .... node  #0, CPUs:      #1
[    2.510354] kvm-clock: cpu 1, msr 0:3ffe3041, secondary cpu clock
[    2.512041] mce: CPU supports 0 MCE banks
[    2.514583] x86: Booted up 1 node, 2 CPUs
[    2.525182] smpboot: Total of 2 processors activated (9976.95 BogoMIPS)
[    2.526583] devtmpfs: initialized
[    2.528575] evm: security.selinux
[    2.529211] evm: security.SMACK64
[    2.529831] evm: security.SMACK64EXEC
[    2.530507] evm: security.SMACK64TRANSMUTE
[    2.531212] evm: security.SMACK64MMAP
[    2.537718] evm: security.ima
[    2.538299] evm: security.capability
[    2.545725] clocksource: jiffies: mask: 0xffffffff max_cycles: 0xffffffff, max_idle_ns: 7645041785100000 ns
[    2.547384] futex hash table entries: 512 (order: 3, 32768 bytes)
[    2.548426] pinctrl core: initialized pinctrl subsystem
[    2.549362] RTC time: 17:34:40, date: 05/13/18
[    2.550261] NET: Registered protocol family 16
[    2.562792] cpuidle: using governor ladder
[    2.603022] cpuidle: using governor menu
[    2.636708] PCCT header not found.
[    2.637492] ACPI: bus type PCI registered
[    2.638275] acpiphp: ACPI Hot Plug PCI Controller Driver version: 0.5
[    2.639363] PCI: Using configuration type 1 for base access
[    2.651241] ACPI: Added _OSI(Module Device)
[    2.688209] ACPI: Added _OSI(Processor Device)
[    2.721565] ACPI: Added _OSI(3.0 _SCP Extensions)
[    2.722380] ACPI: Added _OSI(Processor Aggregator Device)
[    2.723904] ACPI: Executed 1 blocks of module-level executable AML code
[    2.728852] ACPI: Interpreter enabled
[    2.741060] ACPI: (supports S0 S5)
[    2.741708] ACPI: Using IOAPIC for interrupt routing
[    2.765691] PCI: Using host bridge windows from ACPI; if necessary, use "pci=nocrs" and report a bug
[    2.770518] ACPI: PCI Root Bridge [PCI0] (domain 0000 [bus 00-ff])
[    2.777722] acpi PNP0A03:00: _OSC: OS supports [ASPM ClockPM Segments MSI]
[    2.778817] acpi PNP0A03:00: _OSC: not requesting OS control; OS requires [ExtendedConfig ASPM ClockPM MSI]
[    2.780383] acpi PNP0A03:00: fail to add MMCONFIG information, can't access extended PCI configuration space under this bridge.
[    2.782424] PCI host bridge to bus 0000:00
[    2.783138] pci_bus 0000:00: root bus resource [io  0x0000-0x0cf7 window]
[    2.787130] pci_bus 0000:00: root bus resource [io  0x0d00-0xffff window]
[    2.788156] pci_bus 0000:00: root bus resource [mem 0x000a0000-0x000bffff window]
[    2.789437] pci_bus 0000:00: root bus resource [mem 0x40000000-0xfdffffff window]
[    2.842405] pci_bus 0000:00: root bus resource [bus 00-ff]
[    2.846118] pci 0000:00:01.1: legacy IDE quirk: reg 0x10: [io  0x01f0-0x01f7]
[    2.848090] pci 0000:00:01.1: legacy IDE quirk: reg 0x14: [io  0x03f6]
[    2.850722] pci 0000:00:01.1: legacy IDE quirk: reg 0x18: [io  0x0170-0x0177]
[    2.873641] pci 0000:00:01.1: legacy IDE quirk: reg 0x1c: [io  0x0376]
[    2.920293] pci 0000:00:07.0: quirk: [io  0x4000-0x403f] claimed by PIIX4 ACPI
[    2.964432] pci 0000:00:07.0: quirk: [io  0x4100-0x410f] claimed by PIIX4 SMB
[    3.046610] ACPI: PCI Interrupt Link [LNKA] (IRQs 5 9 10 *11)
[    3.077691] ACPI: PCI Interrupt Link [LNKB] (IRQs 5 9 *10 11)
[    3.089389] ACPI: PCI Interrupt Link [LNKC] (IRQs 5 *9 10 11)
[    3.090941] ACPI: PCI Interrupt Link [LNKD] (IRQs 5 9 10 *11)
[    3.092688] ACPI: Enabled 2 GPEs in block 00 to 07
[    3.130663] vgaarb: setting as boot device: PCI:0000:00:02.0
[    3.142664] vgaarb: device added: PCI:0000:00:02.0,decodes=io+mem,owns=io+mem,locks=none
[    3.144109] vgaarb: loaded
[    3.144742] vgaarb: bridge control possible 0000:00:02.0
[    3.146006] SCSI subsystem initialized
[    3.146876] ACPI: bus type USB registered
[    3.184313] usbcore: registered new interface driver usbfs
[    3.185364] usbcore: registered new interface driver hub
[    3.186293] usbcore: registered new device driver usb
[    3.189298] PCI: Using ACPI for IRQ routing
[    3.216947] NetLabel: Initializing
[    3.217623] NetLabel:  domain hash size = 128
[    3.218363] NetLabel:  protocols = UNLABELED CIPSOv4
[    3.219186] NetLabel:  unlabeled traffic allowed by default
[    3.220232] amd_nb: Cannot enumerate AMD northbridges
[    3.221089] clocksource: Switched to clocksource kvm-clock
[    .213] pAmo: pAor Filesystem Enabled
[    3.551103] pnp: PnP ACPI init
[    3.552406] pnp: PnP ACPI: found 3 devices
[    3.562204] clocksource: acpi_pm: mask: 0xffffff max_cycles: 0xffffff, maxid_n 25702ns
[  3404]ETRested protocol family 2

[    4.149887] TCP established hash table entries: 8192 (order: 4, 65536 bytes)
[    4.151276] TCP bind hash table entries: 8192 (order: 5, 131072 bytes)
[    4.152725] TCP: Hash tables configured (established 8192 bind 8192)
[   .1560]DPastae ntes51 (orer2,63 bes
[    4.815294] UDP-Lite hash table entries: 512 (order: 2, 16384 bytes)
[    4.816311] NET: Registered protocol family 1
[    4.817074] pci 0000:00:00.0: Limiting direc PI/CIrasfs  5.11] ci00:00:01.0: Activating ISA DMA ngoraruns[   .593] painintrfs.
[    6.248481] Freeing initrd memory: 15360K
[    6.257532] RAPL PMU detected, API unit is 2^-32 Joules, 4 fixed counters 10737418240 ms ovfl timer
[    6.280081] hw unit of domain pp0-core 2^-0 Joules
[    6.313101] hw unit of domain package 2^-0 Joules
[    6.317259] hw unit of domain dram 2^-0 Joules
[    6.318015] hw unit of domain pp1-gpu 2^-0 Joules
[    6.318861] platform rtc_cmos: registered platform RTC device (no PNP device found)
[    6.320405] Scanning for low memory corruption every 60 seconds
[    6.321967] audit: initializing netlink subsys (disabled)
[    6.355558] audit: type=2000 audit(1526232886.754:1): initialized
[    6.357058] Initialise system trusted keyring
[    6.400259] HugeTLB registered 2 MB page size, pre-allocated 0 pages
[    6.453370] zbud: loaded
[    6.473733] VFS: Disk quotas dquot_6.6.0
[    6.474584] VFS: Dquot-cache hash table entries: 512 (order 0, 4096 bytes)
[    6.477836] squashfs: version 4.0 (2009/01/31) Phillip Lougher
[    6.479058] fuse init (API version 7.23)
[    6.479916] Key type big_key registered
[    6.480614] Allocating IMA MOK and blacklist keyrings.
[    6.484642] Key type asymmetric registered
[    6.485366] Asymmetric key parser 'x509' registered
[    6.486232] Block layer SCSI generic (bsg) driver version 0.4 loaded (major 249)
[    6.487636] io scheduler noop registered
[    6.488325] io scheduler deadline registered (default)
[    6.489183] io scheduler cfq registered
[    6.489981] pci_hotplug: PCI Hot Plug PCI Core version: 0.5
[    6.490862] pciehp: PCI Express Hot Plug Controller Driver version: 0.4
[    6.491972] ACPI: AC Adapter [AC] (on-line)
[    6.507590] input: Power Button as /devices/LNXSYSTM:00/LNXPWRBN:00/input/input0
[    6.575209] ACPI: Power Button [PWRF]
[    6.614147] input: Sleep Button as /devices/LNXSYSTM:00/LNXSLPBN:00/input/input1
[    6.637934] ACPI: Sleep Button [SLPF]
[    6.638836] GHES: HEST is not enabled!
[    6.639437] ACPI: Battery Slot [BAT0] (battery present)
[    6.641766] Serial: 8250/16550 driver, 32 ports, IRQ sharing enabled
[    6.664697] 00:02: ttyS0 at I/O 0x3f8 (irq = 4, base_baud = 115200) is a 16550A
[   6.279]Liuxagga iteace v0.103
[    7.006541] loop: module loaded
[    7.008744] scsi host0: ata_piix
[    7.009461] scsi host1: ata_piix
[    7.013973] ata1: PATA max UDMA/33 cmd 0x1f0 ctl 0x3f6 bmdma 0xd000 irq 14
[    7.034072] ata2: PATA max UDMA/33 cmd 0x170 ctl 0x376 bmdma 0xd008 irq 15
[    7.043446] libphy: Fixed MDIO Bus: probed
[    7.044383] tun: Universal TUN/TAP device driver, 1.6
[    7.051292] tun: (C) 1999-2004 Max Krasnyansky <maxk@qualcomm.com>
[    7.052299] PPP generic driver version 2.4.2
[    7.053095] ehci_hcd: USB 2.0 'Enhanced' Host Controller (EHCI) Driver
[    7.054143] ehci-pci: EHCI PCI platform driver
[    7.054916] ehci-platform: EHCI generic platform driver
[    7.055800] ohci_hcd: USB 1.1 'Open' Host Controller (OHCI) Driver
[    7.056765] ohci-pci: OHCI PCI platform driver
[    7.057551] ohci-platform: OHCI generic platform driver
[    7.058401] uhci_hcd: USB Universal Host Controller Interface driver
[    7.059432] i8042: PNP: PS/2 Controller [PNP0303:PS2K,PNP0f03:PS2M] at 0x60,0x64 irq 1,12
[    7.061251] serio: i8042 KBD port at 0x60,0x64 irq 1
[    7.062068] serio: i8042 AUX port at 0x60,0x64 irq 12
[    7.064102] mousedev: PS/2 mouse device common for all mice
[    7.065460] input: AT Translated Set 2 keyboard as /devices/platform/i8042/serio0/input/input2
[    7.068164] rtc_cmos rtc_cmos: rtc core: registered rtc_cmos as rtc0
[    7.069220] rtc_cmos rtc_cmos: alarms up to one day, 114 bytes nvram
[    7.070201] i2c /dev entries driver
[    7.072632] device-mapper: uevent: version 1.0.3
[    7.073476] device-mapper: ioctl: 4.34.0-ioctl (2015-10-28) initialised: dm-devel@redhat.com
[    7.074904] ledtrig-cpu: registered to indicate activity on CPUs
[    7.076275] NET: Registered protocol family 10
[    7.079091] NET: Registered protocol family 17
[    7.079979] Key type dns_resolver registered
[    7.081045] registered taskstats version 1
[    7.083385] Loading compiled-in X.509 certificates
[    7.084789] Loaded X.509 cert 'Build time autogenerated kernel key: 97a7db5071cab428e7f67f96f51ed8d32b3fc527'
[    7.086433] zswap: loaded using pool lzo/zbud
[    7.089197] Key type trusted registered
[    7.101845] Key type encrypted registered
[    7.104135] AppArmor: AppArmor sha1 policy hashing enabled
[    7.106259] ima: No TPM chip found, activating TPM-bypass!
[    7.107148] evm: HMAC attrs: 0x1
[    7.116817]   Magic number: 2:802:592
[    7.155871] rtc_cmos rtc_cmos: setting system clock to 2018-05-13 17:34:45 UTC (1526232885)
[    7.174894] BIOS EDD facility v0.16 2004-Jun-25, 0 devices found
[    7.175846] EDD information not available.
[    7.198877] Freeing unused kernel memory: 1508K
[    7.208138] Write protecting the kernel read-only data: 14336k
[    7.209414] Freeing unused kernel memory: 1696K
[    7.210389] Freeing unused kernel memory: 100K
Loading, please [    7.223052] random: systemd-udevd: uninitialized urandom read (16 bytes read, 2 bits of entropy available)
wait...
startin[    7.223521] random: udevadm: uninitialized urandom read (16 bytes read, 2 bits of entropy available)
g version 229
[    7.223539] random: udevadm: uninitialized urandom read (16 bytes read, 2 bits of entropy available)
[    7.232329] random: udevadm: uninitialized urandom read (16 bytes read, 2 bits of entropy available)
[    7.232376] random: udevadm: uninitialized urandom read (16 bytes read, 2 bits of entropy available)
[    7.232525] random: udevadm: uninitialized urandom read (16 bytes read, 2 bits of entropy available)
[    7.232583] random: udevadm: uninitialized urandom read (16 bytes read, 2 bits of entropy available)
[    7.232637] random: udevadm: uninitialized urandom read (16 bytes read, 2 bits of entropy available)
[    7.232690] random: udevadm: uninitialized urandom read (16 bytes read, 2 bits of entropy available)
[    7.232745] random: udevadm: uninitialized urandom read (16 bytes read, 2 bits of entropy available)
[    7.317296] tsc: Refined TSC clocksource calibration: 2494.005 MHz
[    7.337256] clocksource: tsc: mask: 0xffffffffffffffff max_cycles: 0x23f31aa3460, max_idle_ns: 440795332130 ns
[    7.356217] Fusion MPT base driver 3.04.20
[    7.358307] Copyright (c) 1999-2008 LSI Corporation
[    7.361293] e1000: Intel(R) PRO/1000 Network Driver - version 7.3.21-k8-NAPI
[    7.364070] e1000: Copyright (c) 1999-2006 Intel Corporation.
[    7.371349] Fusion MPT SPI Host driver 3.04.20
[    7.381892] AVX2 version of gcm_enc/dec engaged.
[    7.384344] AES CTR mode by8 optimization enabled
[    7.584305] input: ImExPS/2 Generic Explorer Mouse as /devices/platform/i8042/serio1/input/input4
[    7.749904] e1000 0000:00:03.0 eth0: (PCI:33MHz:32-bit) 02:d1:58:fa:01:98
[    7.790912] e1000 0000:00:03.0 eth0: Intel(R) PRO/1000 Network Connection
[    7.799638] mptbase: ioc0: Initiating bringup
[    7.822410] e1000 0000:00:03.0 enp0s3: renamed from eth0
[    8.266279] ioc0: LSI53C1030 A0: Capabilities={Initiator}
[    9.319020] scsi host2: ioc0: LSI53C1030 A0, FwRev=00000000h, Ports=1, MaxQ=256, IRQ=20
[    9.639879] scsi 2:0:0:0: Direct-Access     VBOX     HARDDISK         1.0  PQ: 0 ANSI: 5
[    9.727372] scsi target2:0:0: Beginning Domain Validation
[    9.794394] scsi target2:0:0: Domain Validation skipping write tests
[   10.418413] scsi target2:0:0: Ending Domain Validation
[   10.432233] scsi target2:0:0: asynchronous
[   10.438247] scsi 2:0:1:0: Direct-Access     VBOX     HARDDISK         1.0  PQ: 0 ANSI: 5
[   10.439650] scsi target2:0:1: Beginning Domain Validation
[   10.441566] scsi target2:0:1: Domain Validation skipping write tests
[   10.570103] scsi target2:0:1: Ending Domain Validation
[   10.571050] scsi target2:0:1: asynchronous
[   10.576269] sd 2:0:0:0: Attached scsi generic sg0 type 0
[   10.584691] sd 2:0:0:0: [sda] 20971520 512-byte logical blocks: (10.7 GB/10.0 GiB)
[   10.595201] sd 2:0:1:0: [sdb] 20480 512-byte logical blocks: (10.5 MB/10.0 MiB)
[   10.609427] sd 2:0:1:0: Attached scsi generic sg1 type 0
[   10.693994] sd 2:0:0:0: [sda] Write Protect is off
[   10.694111] sd 2:0:1:0: [sdb] Write Protect is off
[   10.694184] sd 2:0:1:0: [sdb] Incomplete mode parameter data
[   10.694186] sd 2:0:1:0: [sdb] Assuming drive cache: write through
[   10.755638] sd 2:0:1:0: [sdb] Attached SCSI disk
[   10.785262] sd 2:0:0:0: [sda] Incomplete mode parameter data
[   10.786161] sd 2:0:0:0: [sda] Assuming drive cache: write through
[   10.788852]  sda: sda1
[   10.815359] sd 2:0:0:0: [sda] Attached SCSI disk
Begin: Loading e[   12.193526] md: linear personality registered for level -1
ssential drivers[   12.257959] md: multipath personality registered for level -4
 ... [   12.334270] md: raid0 personality registered for level 0
[   12.387009] md: raid1 personality registered for level 1
[   12.466043] raid6: sse2x1   gen()  8931 MB/s
[   12.573493] raid6: sse2x1   xor()  6803 MB/s
[   12.665394] raid6: sse2x2   gen() 11537 MB/s
[   12.741637] raid6: sse2x2   xor()  7196 MB/s
[   12.813102] raid6: sse2x4   gen() 13441 MB/s
[   12.901107] raid6: sse2x4   xor()  9158 MB/s
[   13.001686] raid6: avx2x1   gen() 17869 MB/s
[   13.129752] raid6: avx2x2   gen() 20695 MB/s
[   13.237287] raid6: avx2x4   gen() 23201 MB/s
[   13.246819] raid6: using algorithm avx2x4 gen() 23201 MB/s
[   13.247732] raid6: using avx2x2 recovery algorithm
[   13.263443] xor: automatically using best checksumming function:
[   13.309152]    avx       : 18681.000 MB/sec
[   13.341790] async_tx: api initialized (async)
[   13.387646] md: raid6 personality registered for level 6
[   13.429760] md: raid5 personality registered for level 5
[   13.443226] md: raid4 personality registered for level 4
[   13.449450] md: raid10 personality registered for level 10
done.
Begin: Running /scripts/init-premount ... done.
Begin: Mounting root file system ... Begin: Running /scripts/local-top ... done.
Begin: Running /scripts/local-premount ... [   13.508375] Btrfs loaded
Scanning for Btrfs filesystems
done.
Warning: fsck no[   13.543151] EXT4-fs (sda1): INFO: recovery required on readonly filesystem
t present, so skipping root file system
[   13.549307] EXT4-fs (sda1): write access will be enabled during recovery
[   13.580555] EXT4-fs (sda1): recovery complete
[   14.544039] EXT4-fs (sda1): mounted filesystem with ordered data mode. Opts: (null)
done.
Begin: Running /scripts/local-bottom ... done.
Begin: Running /scripts/init-bottom ... done.
[   14.653651] systemd[1]: systemd 229 running in system mode. (+PAM +AUDIT +SELINUX +IMA +APPARMOR +SMACK +SYSVINIT +UTMP +LIBCRYPTSETUP +GCRYPT +GNUTLS +ACL +XZ -LZ4 +SECCOMP +BLKID +ELFUTILS +KMOD -IDN)
[   14.714400] systemd[1]: Detected virtualization oracle.
[   14.740062] systemd[1]: Detected architecture x86-64.

Welcome to [1mUbuntu 16.04.4 LTS[0m!

[ 147818 sstd[1] St osna t<untxeal.
[  15.526759] systemd[1]: Listening on Journal Socket (/dev/log).
[[0;32m  OK  [0m] Listening on Journal Socket (/dev/log).
[   15.568306] systemd[1]: Listnig n urnal Socket. [[0;32m  OK  [0m] Listening on Journal Socket.
[ 15388]ysmd1]Crat slic Use ad Session Slice.
[[0;32m  OK  [0m] Created slice User and Session Slice.
[ 16.6665]ysem[1 Ltein o /evnitlCoatily me Pe.

[[0;32m  OK  [0m] Listening on /dev/initctl Compatibility Named Pipe.
[ 1749844] systemd[1]: Created slice System Slice.
[[0;32m  OK  [0m] Created slice System Slice.
[   17.562663] sstd[]:eaedaretlis.
[[0;32m  OK  [0m] Reached target Slices.
[   17.993384] systemd[1]: Starting Create list of required static device nodes for the current kernel...
         Starting Create list of required st... nodes for the current kernel...
[   18.041371] systemd[1]: Starting Nameserver information manager...
         Starting Nameserver information manager...
[   18.121714] systemd[1]: Starting Load Kernel Modules...
         Starting Load Ke[   18.157922] Loading iSCSI transport class v2.0-870.
rnel Modules...
[   18.190676] random: nonblocking pool is initialized
[   18.212565] systemd[1]: Created slice system-postgresql.slice.
[[0;32m  OK  [0[   18.219240] iscsi: registered transport (tcp)
m] Created slice system-postgresql.slice.
[   18.237449] systemd[1]: Starting Remount Root and Kernel File Systems...
         [   18.255602] EXT4-fs (sda1): re-mounted. Opts: (null)
Starting Remount Root and Kernel File Systems...[   18.276982] iscsi: registered transport (iser)

[   18.302010] systemd[1]: Listening on LVM2 metadata daemon socket.
[[0;32m  OK  [0m] Listening on LVM2 metadata daemon socket.
[   18.322214] systemd[1]: Starting Uncomplicated firewall...
         Starting Uncomplicated firewall...
[   18.363843] systemd[1]: Listening on udev Kernel Socket.
[[0;32m  OK  [0m] Listening on udev Kernel Socket.
[   18.386393] systemd[1]: Mounting Debug File System...
         Mounting Debug File System...
[   18.396985] systemd[1]: Set up automount Arbitrary Executable File Formats File System Automount Point.
[[0;32m  OK  [0m] Set up automount Arbitrary Executab...ats File System Automount Point.
[ 18.507923] systemd[1]: Listening on LVM2 poll daemon socket.
[[0;32m  OK  [0m] Listening on LVM2 poll daemon socket.
[   18.565868] systemd[1]: Reached target Encrypted Volumes.
[[0;32m  OK  [0m] Reached target Encrypted Volumes.
[  16342syem[1 Lstin on Journl udit Socket.

[[0;32m  OK  [0m] Listening on Journal Audit Socket.
[ 19.055751] systd[]:Creaedlie stemsealx2gettyslce
[[0;32m  OK  [0m] Created slice system-serial\x2dgetty.slice.
[ 19421]ysemd[1]: Rch tgeUsr ndGrupNa Lku.
[[0;32m  OK  [0m] Reached target User and Group Name Lookups.
[   20.389226] systemd[1]: Mounting POSIX Message Queue File System...
         Mounting POSIX Message Queue File System...
[  20.586]systmd]:Litein o Deic-mpp entaeonIFOs
[[0;32m  OK  [0m] Listening on Device-mapper event daemon FIFOs.
[   21.216278] systemd[1]: Started Forward Password RqusttoWall Dretoy tch.
[[0;32m  OK  [0m] Started Forward Password Requests to Wall Directory Watch.
[ 21582039] syte[1 Listening on Sysogoct.
[[0;32m  OK  [0m] Listening on Syslog Socket.
[   21.993584] systemd[1]: Starting Journal Service...
         Starting Journal Service...
[   22.061164] systemd[1]: Started Trigger resolvconf update for networkd DNS.
[[0;32m  OK  [0m] Started Trigger resolvconf update for networkd DNS.
[   22.122747] systemd[1]: Listening on udev Control Socket.
[[0;32m  OK  [0m] Listening on udev Control Socket.
[   22.145479] systemd[1]: Starting Monitoring of LVM2 mirrors, snapshots etc. using dmeventd or progress polling...
         Starting Monitoring of LVM2 mirrors... dmeventd or progress polling...
[   22.198085] systemd[1]: Starting Set console keymap...
         Starting Set console keymap...
[   22.215196] systemd[1]: Mounting Huge Pages File System...
         Mounting Huge Pages File System...
[   22.235202] systemd[1]: Reached target Swap.
[[0;32m  OK  [0m] Reached target Swap.
[   2.6183] systemd[]:eaed targe Sstm Time Synchronized.
[[0;32m  OK  [0m] Reached target System Time Synchronized.
[  2696475] systemd[1]: und gePage Fle Sysem

[[0;32m  OK  [0m] Mounted Huge Pages File System.
[   23.067582] systemd[1]: Mounted POSIX Message Queue File System.
[[0;32m  OK  [0m] Mounted POSIX Message Queue File System.
[   23.090315] systemd[1]: Mounted Debug File System.
[[0;32m  OK  [0m] Mounted Debug File System.
[   23.092450] systemd[1]: Started Journal Service.
[[0;32m  OK  [0m] Started Journal Service.
[[0;32m  OK  [0m] Started Create list of required sta...ce nodes for the current kernel.
[[0;32m  OK  [0m] Started Load Kernel Modules.
[[0;32m  OK  [0m] Started Remount Root and Kernel File Systems.
[[0;32m  OK  [0m] Started Uncomplicated firewall.
[[0;32m  OK  [0m] Started Set console keymap.
[[0;32m  OK  [0m] Started Nameserver information manager.
[[0;32m  OK  [0m] Started LVM2 metadata daemon.
         Starting Initial cloud-init job (pre-networking)...
         Starting udev Coldplug all Devices...
         Starting Load/Save Random Seed...
         Starting Apply Kernel Variables...
         Mounting FUSE Control File System...
         Starting Create Static Device Nodes in /dev...
         Starting Flush Journal to Persistent Storage...
[[0;32m  OK  [0m] Mounted FUSE Control File System.
[[0;32m  OK  [0m] Started Load/Save Random Seed.
[[0;32m  OK  [0m] Started Apply Kernel Variables.
[[0;32m  OK  [0m] Started Create Static Device Nodes in /dev.
[[0;32m  OK  [0m] Started udev Coldplug all Devices.
[[0;32m  OK  [0m] Started Flush Journal to Persistent Storage.
         Starting udev Kernel Device Manager...
[[0;32m  OK  [0m] Started udev Kernel Device Manager.
[[0;32m  OK  [0m] Started Monitoring of LVM2 mirrors,...ng dmeventd or progress polling.
[[0;32m  OK  [0m] Started Dispatch Password Requests to Console Directory Watch.
[[0;32m  OK  [0m] Reached target Local File Systems (Pre).
[[0;32m  OK  [0m] Reached target Local File Systems.
         Starting LSB: AppArmor initialization...
         Starting Tell Plymouth To Write Out Runtime Data...
         Starting Create Volatile Files and Directories...
         Starting Set console font and keymap...
[[0;32m  OK  [0m] Started Tell Plymouth To Write Out Runtime Data.
[[0;32m  OK  [0m] Started Create Volatile Files and Directories.
[[0;32m  OK  [0m] Found device /dev/ttyS0.
[[0;32m  OK  [0m] Started LSB: AppArmor initialization.
[[0;32m  OK  [0m] Listening on Load/Save RF Kill Switch Status /dev/rfkill Watch.
[   22.069331] cloud-init[440]: Cloud-init v. 18.2 running 'init-local' at Sun, 13 May 2018 17:35:02 +0000. Up 21.57 seconds.
         Starting Update UTMP about System Boot/Shutdown...
[[0;32m  OK  [0m] Started Initial cloud-init job (pre-networking).
[[0;32m  OK  [0m] Started Update UTMP about System Boot/Shutdown.
[[0;32m  OK  [0m] Reached target Network (Pre).
         Starting Raise network interfaces...
[[0;32m  OK  [0m] Started ifup for enp0s3.
[[0;32m  OK  [0m] Started Set console font and keymap.
[[0;32m  OK  [0m] Created slice system-getty.slice.
[[0;32m  OK  [0m] Started Raise network interfaces.
[[0;32m  OK  [0m] Reached target Network.
         Starting Initial cloud-init job (metadata service crawler)...
[   23.249969] cloud-init[949]: Cloud-init v. 18.2 running 'init' at Sun, 13 May 2018 17:35:04 +0000. Up 22.96 seconds.
[   23.310591] cloud-init[949]: ci-info: +++++++++++++++++++++++++++++++++++++Net device info+++++++++++++++++++++++++++++++++++++
[   23.433985] cloud-init[949]: ci-info: +--------+------+---------------------------+---------------+-------+-------------------+
[[0;32m  OK  [0m] Started Initial cloud-init job (metadata service crawler).
[   23.557445] cloud-init[949]: ci-info: | Device |  Up  |          Address          |      Mask     | Scope |     Hw-Address    |
[   23.641967] cloud-init[949]: ci-info: +--------+------+---------------------------+---------------+-------+-------------------+
[   23.669639] cloud-init[949]: ci-info: | enp0s3 | True |         10.0.2.15         | 255.255.255.0 |   .   | 02:d1:58:fa:01:98 |
[   23.825878] cloud-init[949]: ci-info: | enp0s3 | True | fe80::d1:58ff:fefa:198/64 |       .       |  link | 02:d1:58:fa:01:98 |
[   23.904680] cloud-init[949]: ci-info: |   lo   | True |         127.0.0.1         |   255.0.0.0   |   .   |         .         |
[   23.934488] cloud-init[949]: ci-info: |   lo   | True |          ::1/128          |       .       |  host |         .         |[[0;32m  OK  [0m] Reached target Network is Online.

[   23.944833] cloud-init[949]: ci-info: +--------+------+---------------------------+---------------+-------+-------------------+
[   23.973097] cloud-init[949]: ci-info: +++++++++++++++++++++++++++Route IPv4 info++++++++++++++++++++++++++++
[   24.157295] cloud-init[949]: ci-info: +-------+-------------+----------+---------------+-----------+-------+
         Starting iSCSI initiator daemon (iscsid)...
[[0;32m  OK  [0m] Reached target Cloud-config availability.
[   24.386515] [[0;32m  OK  [0m] Reached target System Initialization.
cloud-init[949]: ci-info: | Route | Destination | Gateway  |    Genmask    | Interface | Flags |
[   24.578678] cloud-init[949]: ci-info: +-------+-------------+----------+---------------+-----------+-------+
[   24.609055] cloud-init[949]: ci-info: |   0   |   0.0.0.0   | 10.0.2.2 |    0.0.0.0    |   enp0s3  |   UG  |
[   24.668982] cloud-init[949]: ci-info: |   1   |   10.0.2.0  | 0.0.0.0  | 255.255.255.0 |   enp0s3  |   U   |
[   24.712959] cloud-init[949]: ci-info: +-------+-------------+----------+---------------+-----------+-------+
[[0;32m  OK  [0m] Started Daily apt download activities.
[[0;32m  OK  [0m] Started ACPI Events Check.
[[0;32m  OK  [0m] Reached target Paths.
[[0;32m  OK  [0m] Started Daily apt upgrade and clean activities.
[[0;32m  OK  [0m] Started Daily Cleanup of Temporary Directories.
[[0;32m  OK  [0m] Reached target Timers.
[[0;32m  OK  [0m] Listening on ACPID Listen Socket.
[[0;32m  OK  [0m] Listening on D-Bus System Message Bus Socket.
         Starting Socket activation for snappy daemon.
         Starting LXD - unix socket.
[[0;32m  OK  [0m] Listening on UUID daemon activation socket.
[[0;32m  OK  [0m] Listening on Socket activation for snappy daemon.
[[0;32m  OK  [0m] Listening on LXD - unix socket.
[[0;32m  OK  [0m] Started iSCSI initiator daemon (iscsid).
         Starting Login to default iSCSI targets...
[[0;32m  OK  [0m] Reached target Sockets.
[[0;32m  OK  [0m] Reached target Basic System.
[[0;32m  OK  [0m] Started Unattended Upgrades Shutdown.
         Starting Login Service...
         Starting Virtualbox guest utils...
         Starting LSB: MD monitoring daemon...
[[0;32m  OK  [0m] Started Deferred execution scheduler.
         Starting Accounts Service...
         Starting PostgreSQL Cluster 9.5-main...
         Starting Advanced key-value store...
         Starting System Logging Service...
[[0;32m  OK  [0m] Started ACPI event daemon.
         Starting Apply the settings specified in cloud-config...
         Starting Snappy daemon...
         Starting LSB: Record successful boot for GRUB...
         Starting LXD - container startup/shutdown...
[[0;32m  OK  [0m] Started FUSE filesystem for LXC.
         Starting /etc/rc.local Compatibility...
         Starting OpenBSD Secure Shell server...
[[0;32m  OK  [0m] Started D-Bus System Message Bus.
[[0;32m  OK  [0m] Started Regular background program processing daemon.
[[0;32m  OK  [0m] Started System Logging Service.
[[0;32m  OK  [0m] Started OpenBSD Secure Shell server.
[[0;32m  OK  [0m] Started Snappy daemon.
[[0;32m  OK  [0m] Started LXD - container startup/shutdown.
[[0;32m  OK  [0m] Started /etc/rc.local Compatibility.
[[0;32m  OK  [0m] Started Advanced key-value store.
[[0;32m  OK  [0m] Started Login to default iSCSI targets.
[[0;32m  OK  [0m] Started LSB: MD monitoring daemon.
[[0;32m  OK  [0m] Started LSB: Record successful boot for GRUB.
[[0;32m  OK  [0m] Started Virtualbox guest utils.
[[0;32m  OK  [0m] Started Login Service.
         Starting Authenticate and Authorize Users to Run Privileged Tasks...
[[0;32m  OK  [0m] Reached target Remote File Systems (Pre).
[[0;32m  OK  [0m] Reached target Remote File Systems.
         Starting LSB: automatic crash report generation...
         Starting LSB: daemon to balance interrupts for SMP systems...
         Starting Permit User Sessions...
         Starting LSB: Start/stop sysstat's sadc...
[   26.312377] cloud-init[1037]: Cloud-init v. 18.2 running 'modules:config' at Sun, 13 May 2018 17:35:07 +0000. Up 26.04 seconds.
         Starting LSB: Apache2 web server...
         Starting LSB: Set the CPU Frequency Scaling governor to "ondemand"...
[[0;32m  OK  [0m] Started Permit User Sessions.
[[0;32m  OK  [0m] Started Apply the settings specified in cloud-config.
[[0;32m  OK  [0m] Started Authenticate and Authorize Users to Run Privileged Tasks.
[[0;32m  OK  [0m] Started Accounts Service.
[[0;32m  OK  [0m] Started LSB: Start/stop sysstat's sadc.
[[0;32m  OK  [0m] Started LSB: automatic crash report generation.
[[0;32m  OK  [0m] Started LSB: daemon to balance interrupts for SMP systems.
         Starting Terminate Plymouth Boot Screen...
         Starting Hold until boot process finishes up...
[[0;32m  OK  [0m] Started LSB: Set the CPU Frequency Scaling governor to "ondemand".
[[0;32m  OK  [0m] Started Terminate Plymouth Boot Screen.
[[0;32m  OK  [0m] Started Hold until boot process finishes up.
[[0;32m  OK  [0m] Started Getty on tty1.
[[0;32m  OK  [0m] Started Serial Getty on ttyS0.
[[0;32m  OK  [0m] Reached target Login Prompts.
         Starting Set console scheme...
[[0;32m  OK  [0m] Started Set console scheme.
[[0;32m  OK  [0m] Created slice User Slice of ubuntu.
         Starting User Manager for UID 1000...
[[0;32m  OK  [0m] Started Session 1 of user ubuntu.
[[0;32m  OK  [0m] Started User Manager for UID 1000.
[[0;32m  OK  [0m] Started LSB: Apache2 web server.
[[0;32m  OK  [0m] Started PostgreSQL Cluster 9.5-main.
         Starting PostgreSQL RDBMS...
[[0;32m  OK  [0m] Started PostgreSQL RDBMS.
[[0;32m  OK  [0m] Reached target Multi-User System.
         Starting Execute cloud user/final scripts...
[[0;32m  OK  [0m] Reached target Graphical Interface.
         Starting Update UTMP about System Runlevel Changes...
[[0;32m  OK  [0m] Started Update UTMP about System Runlevel Changes.
[   28.562688] cloud-init[1328]: Cloud-init v. 18.2 running 'modules:final' at Sun, 13 May 2018 17:35:09 +0000. Up 28.38 seconds.
[   28.588405] cloud-init[1328]: Cloud-init v. 18.2 finished at Sun, 13 May 2018 17:35:09 +0000. Datasource DataSourceNoCloud [seed=/dev/sdb][dsmode=net].  Up 28.55 seconds
[[0;32m  OK  [0m] Started Execute cloud user/final scripts.
[[0;32m  OK  [0m] Reached target Cloud-init target.

Ubuntu 16.04.4 LTS ubuntu-xenial ttyS0

ubuntu-xenial login: 